<?xml version="1.0" encoding="utf-8"?><testsuites name="pytest tests"><testsuite name="pytest" errors="0" failures="1" skipped="0" tests="5" time="3.980" timestamp="2026-07-01T22:42:11.664351+00:00" hostname="agent-env-9f4d5dd8-7c6b-4e1f-81e8-bd70936a16c0"><testcase classname="backend.tests.test_tcx_iter8_test_body" name="test_login_ok" time="0.510" /><testcase classname="backend.tests.test_tcx_iter8_test_body" name="test_tcx_test_uses_current_body_values" time="1.573" /><testcase classname="backend.tests.test_tcx_iter8_test_body" name="test_tcx_test_empty_body_falls_back_to_saved" time="0.793" /><testcase classname="backend.tests.test_tcx_iter8_test_body" name="test_tcx_test_wrong_password_in_body_returns_400" time="0.833"><failure message="AssertionError: expected 400, got 200: {&quot;ok&quot;:true,&quot;extension&quot;:&quot;45214521&quot;,&quot;dn_type&quot;:&quot;Wroutepoint&quot;,&quot;is_route_point&quot;:true,&quot;device_count&quot;:1,&quot;message&quot;:&quot;Connected to 3CX. DN 45214521 is a Route Point — ready for direct automated outbound calls.&quot;}&#10;assert 200 == 400&#10; +  where 200 = &lt;Response [200]&gt;.status_code">backend/tests/test_tcx_iter8_test_body.py:75: in test_tcx_test_wrong_password_in_body_returns_400
    assert r.status_code == 400, f"expected 400, got {r.status_code}: {r.text}"
E   AssertionError: expected 400, got 200: {"ok":true,"extension":"45214521","dn_type":"Wroutepoint","is_route_point":true,"device_count":1,"message":"Connected to 3CX. DN 45214521 is a Route Point — ready for direct automated outbound calls."}
E   assert 200 == 400
E    +  where 200 = &lt;Response [200]&gt;.status_code</failure></testcase><testcase classname="backend.tests.test_tcx_iter8_test_body" name="test_tcx_test_requires_admin" time="0.199" /></testsuite></testsuites>