<?xml version="1.0" encoding="utf-8"?><testsuites name="pytest tests"><testsuite name="pytest" errors="0" failures="0" skipped="0" tests="5" time="3.104" timestamp="2026-06-30T09:03:16.978517+00:00" hostname="agent-env-9f4d5dd8-7c6b-4e1f-81e8-bd70936a16c0"><testcase classname="backend.tests.test_tcx_iter6.TestTcxConnection" name="test_save_then_test_without_scheme" time="1.384" /><testcase classname="backend.tests.test_tcx_iter6.TestTcxConnection" name="test_save_then_test_with_https_scheme" time="0.899" /><testcase classname="backend.tests.test_tcx_iter6.TestTcxConnection" name="test_missing_url_returns_400" time="0.180" /><testcase classname="backend.tests.test_tcx_iter6.TestDialGuards" name="test_dial_blocked_when_3cx_disabled" time="0.224" /><testcase classname="backend.tests.test_tcx_iter6.TestDialGuards" name="test_dial_blocked_when_contact_opted_out" time="0.183" /></testsuite></testsuites>