<?xml version="1.0" encoding="utf-8"?><testsuites name="pytest tests"><testsuite name="pytest" errors="0" failures="1" skipped="1" tests="19" time="7.636" timestamp="2026-07-02T17:04:58.475505+00:00" hostname="agent-env-9f4d5dd8-7c6b-4e1f-81e8-bd70936a16c0"><testcase classname="backend.tests.test_iteration11_owner_features.TestBlueprintsChannel" name="test_owner_can_create_channel_blueprints" time="0.717" /><testcase classname="backend.tests.test_iteration11_owner_features.TestBlueprintsChannel" name="test_admin_cannot_create_blueprint" time="0.389" /><testcase classname="backend.tests.test_iteration11_owner_features.TestBlueprintsChannel" name="test_owner_assigns_channel_blueprint_and_persists" time="0.260" /><testcase classname="backend.tests.test_iteration11_owner_features.TestBlueprintsChannel" name="test_channel_blueprint_clear" time="0.049" /><testcase classname="backend.tests.test_iteration11_owner_features.TestBlueprintsChannel" name="test_cleanup_blueprints" time="0.226" /><testcase classname="backend.tests.test_iteration11_owner_features.TestOwnerUserModeration" name="test_admin_cannot_call_owner_endpoints" time="0.047" /><testcase classname="backend.tests.test_iteration11_owner_features.TestOwnerUserModeration" name="test_find_test_user" time="0.049" /><testcase classname="backend.tests.test_iteration11_owner_features.TestOwnerUserModeration" name="test_change_role_agent_to_admin_and_back" time="0.203" /><testcase classname="backend.tests.test_iteration11_owner_features.TestOwnerUserModeration" name="test_cannot_assign_owner_role" time="0.043" /><testcase classname="backend.tests.test_iteration11_owner_features.TestOwnerUserModeration" name="test_ban_and_unban_user" time="0.188" /><testcase classname="backend.tests.test_iteration11_owner_features.TestOwnerUserModeration" name="test_cannot_ban_owner" time="0.109" /><testcase classname="backend.tests.test_iteration11_owner_features.TestBusinessSuspend" name="test_suspend_and_reinstate_maliks" time="0.246" /><testcase classname="backend.tests.test_iteration11_owner_features.TestCampaignSpecific" name="test_create_specific_campaign_and_verify_queue" time="0.194"><failure message="AssertionError: {&quot;detail&quot;:[{&quot;type&quot;:&quot;literal_error&quot;,&quot;loc&quot;:[&quot;body&quot;,&quot;schedule_type&quot;],&quot;msg&quot;:&quot;Input should be 'manual' or 'scheduled'&quot;,&quot;input&quot;:&quot;immediate&quot;,&quot;ctx&quot;:{&quot;expected&quot;:&quot;'manual' or 'scheduled'&quot;},&quot;url&quot;:&quot;https://errors.pydantic.dev/2.13/v/literal_error&quot;}]}&#10;assert 422 == 200&#10; +  where 422 = &lt;Response [422]&gt;.status_code">backend/tests/test_iteration11_owner_features.py:196: in test_create_specific_campaign_and_verify_queue
    assert r.status_code == 200, r.text
E   AssertionError: {"detail":[{"type":"literal_error","loc":["body","schedule_type"],"msg":"Input should be 'manual' or 'scheduled'","input":"immediate","ctx":{"expected":"'manual' or 'scheduled'"},"url":"https://errors.pydantic.dev/2.13/v/literal_error"}]}
E   assert 422 == 200
E    +  where 422 = &lt;Response [422]&gt;.status_code</failure></testcase><testcase classname="backend.tests.test_iteration11_owner_features.TestCampaignSpecific" name="test_delete_specific_campaign" time="0.000"><skipped type="pytest.skip" message="no campaign to delete">/app/backend/tests/test_iteration11_owner_features.py:211: no campaign to delete</skipped></testcase><testcase classname="backend.tests.test_iteration11_owner_features.TestVoiceCharacteristics" name="test_update_all_voice_params_and_persist" time="0.166" /><testcase classname="backend.tests.test_iteration11_owner_features.TestVoiceCharacteristics" name="test_dynamic_toggle" time="0.097" /><testcase classname="backend.tests.test_iteration11_owner_features.TestVoiceCharacteristics" name="test_range_clamping" time="0.050" /><testcase classname="backend.tests.test_iteration11_owner_features.TestVoiceCharacteristics" name="test_reset_voice" time="0.047" /><testcase classname="backend.tests.test_iteration11_owner_features.TestOpeningResolution" name="test_opening_is_scripted_or_blueprint_not_hardcoded" time="4.475" /></testsuite></testsuites>