<?xml version="1.0" encoding="utf-8"?><testsuites name="pytest tests"><testsuite name="pytest" errors="0" failures="0" skipped="0" tests="6" time="1.243" timestamp="2026-07-02T09:59:34.526411+00:00" hostname="agent-env-9f4d5dd8-7c6b-4e1f-81e8-bd70936a16c0"><testcase classname="backend.tests.test_iteration9_crm_campaigns.TestContactsEnrichment" name="test_list_contacts_enriched_fields" time="0.533" /><testcase classname="backend.tests.test_iteration9_crm_campaigns.TestContactsEnrichment" name="test_tom_obrien_has_call" time="0.083" /><testcase classname="backend.tests.test_iteration9_crm_campaigns.TestCampaignsAnalytics" name="test_list_campaigns_analytics" time="0.082" /><testcase classname="backend.tests.test_iteration9_crm_campaigns.TestCampaignsAnalytics" name="test_campaign_detail_analytics_endpoint" time="0.165" /><testcase classname="backend.tests.test_iteration9_crm_campaigns.TestCampaignsAnalytics" name="test_campaign_queue_shape" time="0.086" /><testcase classname="backend.tests.test_iteration9_crm_campaigns.TestCampaignsAnalytics" name="test_create_campaign_with_audience_and_schedule" time="0.223" /></testsuite></testsuites>