<?xml version="1.0" encoding="utf-8"?><testsuites name="pytest tests"><testsuite name="pytest" errors="0" failures="0" skipped="0" tests="27" time="2.963" timestamp="2026-08-27T22:32:27.191700+00:00" hostname="agent-env-9f4d5dd8-7c6b-4e1f-81e8-bd70936a16c0"><testcase classname="tests.test_iteration19_telnyx_balance_row" name="test_telnyx_row_appears_and_reports_invalid_key" time="1.294" /><testcase classname="tests.test_telnyx_inworld" name="test_telnyx_signature_valid" time="0.004" /><testcase classname="tests.test_telnyx_inworld" name="test_telnyx_signature_invalid_wrong_key" time="0.000" /><testcase classname="tests.test_telnyx_inworld" name="test_telnyx_signature_invalid_tampered_body" time="0.000" /><testcase classname="tests.test_telnyx_inworld" name="test_telnyx_signature_stale_timestamp" time="0.000" /><testcase classname="tests.test_telnyx_inworld" name="test_select_tts_inworld_when_chosen_and_keyed" time="0.000" /><testcase classname="tests.test_telnyx_inworld" name="test_select_tts_inworld_ignored_without_key" time="0.000" /><testcase classname="tests.test_telnyx_inworld" name="test_select_tts_elevenlabs_unchanged" time="0.000" /><testcase classname="tests.test_telnyx_inworld" name="test_select_tts_browser_when_selected" time="0.000" /><testcase classname="tests.test_telnyx_inworld" name="test_select_stt_inworld_enabled" time="0.000" /><testcase classname="tests.test_telnyx_inworld" name="test_select_stt_none_when_disabled" time="0.000" /><testcase classname="tests.test_telnyx_inworld" name="test_select_stt_none_without_key" time="0.000" /><testcase classname="tests.test_telnyx_inworld" name="test_cache_key_deterministic_and_scoped" time="0.000" /><testcase classname="tests.test_telnyx_inworld" name="test_cache_put_then_get_hit" time="0.005" /><testcase classname="tests.test_telnyx_inworld" name="test_generate_tts_inworld_no_key_errors_no_fallback" time="0.000" /><testcase classname="tests.test_telnyx_inworld" name="test_amd_short_circuit[machine-True]" time="0.000" /><testcase classname="tests.test_telnyx_inworld" name="test_amd_short_circuit[fax-True]" time="0.000" /><testcase classname="tests.test_telnyx_inworld" name="test_amd_short_circuit[not_sure-True]" time="0.000" /><testcase classname="tests.test_telnyx_inworld" name="test_amd_short_circuit[machine_start-True]" time="0.000" /><testcase classname="tests.test_telnyx_inworld" name="test_amd_short_circuit[human-False]" time="0.000" /><testcase classname="tests.test_telnyx_inworld" name="test_amd_short_circuit[-False]" time="0.000" /><testcase classname="tests.test_telnyx_inworld" name="test_amd_short_circuit[human_residence-False]" time="0.000" /><testcase classname="tests.test_telnyx_inworld" name="test_tts_provider_selection_for_relay" time="0.000" /><testcase classname="tests.test_telnyx_inworld" name="test_telephony_tts_browser_has_no_audio" time="0.000" /><testcase classname="tests.test_telnyx_inworld" name="test_voices_shape_normalization_inworld_vs_elevenlabs" time="0.000" /><testcase classname="tests.test_telnyx_inworld" name="test_pcm16_to_wav_b64_has_valid_header" time="0.000" /><testcase classname="tests.test_telnyx_inworld" name="test_streaming_start_params" time="0.002" /></testsuite></testsuites>