<?xml version="1.0" encoding="utf-8"?><testsuites name="pytest tests"><testsuite name="pytest" errors="0" failures="1" skipped="0" tests="21" time="6.280" timestamp="2026-06-22T20:21:21.210626+00:00" hostname="agent-env-9f4d5dd8-7c6b-4e1f-81e8-bd70936a16c0"><testcase classname="backend.tests.test_iteration5_rbac.TestSystemsAndMe" name="test_systems_endpoint" time="0.669" /><testcase classname="backend.tests.test_iteration5_rbac.TestSystemsAndMe" name="test_owner_me_perms" time="0.051" /><testcase classname="backend.tests.test_iteration5_rbac.TestSystemsAndMe" name="test_admin_me_perms" time="0.469" /><testcase classname="backend.tests.test_iteration5_rbac.TestRoles" name="test_list_roles_owner_sees_owner_builtin" time="0.052" /><testcase classname="backend.tests.test_iteration5_rbac.TestRoles" name="test_list_roles_admin_no_owner" time="0.053" /><testcase classname="backend.tests.test_iteration5_rbac.TestRoles" name="test_admin_create_role_and_capability_filter" time="0.111"><failure message="assert 500 == 200&#10; +  where 500 = &lt;Response [500]&gt;.status_code">backend/tests/test_iteration5_rbac.py:106: in test_admin_create_role_and_capability_filter
    assert r.status_code == 200
E   assert 500 == 200
E    +  where 500 = &lt;Response [500]&gt;.status_code</failure></testcase><testcase classname="backend.tests.test_iteration5_rbac.TestRoles" name="test_delete_role_assigned_returns_400" time="0.490" /><testcase classname="backend.tests.test_iteration5_rbac.TestRoles" name="test_reserved_role_name" time="0.048" /><testcase classname="backend.tests.test_iteration5_rbac.TestBan" name="test_ban_blocks_login_and_unban_restores" time="1.438" /><testcase classname="backend.tests.test_iteration5_rbac.TestBan" name="test_cannot_ban_self_or_owner" time="0.100" /><testcase classname="backend.tests.test_iteration5_rbac.TestImpersonation" name="test_owner_impersonate_admin_cross_org" time="0.474" /><testcase classname="backend.tests.test_iteration5_rbac.TestImpersonation" name="test_admin_cannot_impersonate_cross_org" time="0.098" /><testcase classname="backend.tests.test_iteration5_rbac.TestImpersonation" name="test_cannot_impersonate_owner" time="0.109" /><testcase classname="backend.tests.test_iteration5_rbac.TestImpersonation" name="test_role_preview" time="0.320" /><testcase classname="backend.tests.test_iteration5_rbac.TestImpersonation" name="test_owner_role_preview_disallowed" time="0.049" /><testcase classname="backend.tests.test_iteration5_rbac.TestImpersonation" name="test_banned_user_cannot_be_impersonated" time="0.482" /><testcase classname="backend.tests.test_iteration5_rbac.TestBlueprints" name="test_non_owner_blocked" time="0.099" /><testcase classname="backend.tests.test_iteration5_rbac.TestBlueprints" name="test_blueprint_crud_and_default" time="0.503" /><testcase classname="backend.tests.test_iteration5_rbac.TestBlueprints" name="test_assign_blueprint_to_business" time="0.279" /><testcase classname="backend.tests.test_iteration5_rbac.TestFilters" name="test_business_search_filter" time="0.062" /><testcase classname="backend.tests.test_iteration5_rbac.TestFilters" name="test_users_filters" time="0.097" /></testsuite></testsuites>