<?xml version="1.0" encoding="utf-8"?><testsuites name="pytest tests"><testsuite name="pytest" errors="0" failures="0" skipped="0" tests="4" time="3.315" timestamp="2026-06-30T09:27:25.025298+00:00" hostname="agent-env-9f4d5dd8-7c6b-4e1f-81e8-bd70936a16c0"><testcase classname="backend.tests.test_tcx_iter7_routepoint" name="test_tcx_test_connection_reports_route_point" time="2.049" /><testcase classname="backend.tests.test_tcx_iter7_routepoint" name="test_dial_guard_empty_destination_no_contact" time="0.048" /><testcase classname="backend.tests.test_tcx_iter7_routepoint" name="test_dial_guard_opted_out_contact_returns_400" time="0.090" /><testcase classname="backend.tests.test_tcx_iter7_routepoint" name="test_dial_places_direct_call_to_client_number" time="0.906" /></testsuite></testsuites>