<?xml version="1.0" encoding="utf-8"?><testsuites name="pytest tests"><testsuite name="pytest" errors="0" failures="0" skipped="0" tests="9" time="9.044" timestamp="2026-07-13T12:40:38.295365+00:00" hostname="agent-env-9f4d5dd8-7c6b-4e1f-81e8-bd70936a16c0"><testcase classname="backend.tests.test_iteration14_relay" name="test_live_calls_active_returns_list" time="0.595" /><testcase classname="backend.tests.test_iteration14_relay" name="test_relay_voice_nonexistent_returns_hangup_twiml" time="0.133" /><testcase classname="backend.tests.test_iteration14_relay" name="test_relay_voice_existing_call_returns_conversation_relay" time="6.827" /><testcase classname="backend.tests.test_iteration14_relay" name="test_takeover_404_when_call_missing" time="0.107" /><testcase classname="backend.tests.test_iteration14_relay" name="test_takeover_400_for_non_twilio_call" time="0.243" /><testcase classname="backend.tests.test_iteration14_relay" name="test_takeover_missing_human_number_returns_422_or_400" time="0.108" /><testcase classname="backend.tests.test_iteration14_relay" name="test_hangup_404_when_call_missing" time="0.113" /><testcase classname="backend.tests.test_iteration14_relay" name="test_hangup_400_for_non_twilio_call" time="0.201" /><testcase classname="backend.tests.test_iteration14_relay" name="test_voice_mode_persist_and_partial_merge" time="0.647" /></testsuite></testsuites>