<?xml version="1.0" encoding="utf-8"?><testsuites name="pytest tests"><testsuite name="pytest" errors="0" failures="0" skipped="0" tests="5" time="1.498" timestamp="2026-07-02T17:59:16.096590+00:00" hostname="agent-env-9f4d5dd8-7c6b-4e1f-81e8-bd70936a16c0"><testcase classname="backend.tests.test_iteration12_dialer" name="test_twilio_selected_but_not_enabled_returns_twilio_error" time="0.818" /><testcase classname="backend.tests.test_iteration12_dialer" name="test_3cx_selected_but_not_enabled_returns_3cx_error" time="0.167" /><testcase classname="backend.tests.test_iteration12_dialer" name="test_partial_put_preserves_other_fields" time="0.162" /><testcase classname="backend.tests.test_iteration12_dialer" name="test_twilio_test_bogus_creds" time="0.185" /><testcase classname="backend.tests.test_iteration12_dialer" name="test_campaigns_available_for_picker" time="0.111" /></testsuite></testsuites>