<?xml version="1.0" encoding="utf-8"?><testsuites name="pytest tests"><testsuite name="pytest" errors="0" failures="0" skipped="0" tests="6" time="8.283" timestamp="2026-07-02T18:26:39.460816+00:00" hostname="agent-env-9f4d5dd8-7c6b-4e1f-81e8-bd70936a16c0"><testcase classname="tests.test_twilio_voice_webhook.TestVoiceWebhook" name="test_voice_webhook_post_returns_opening_and_gather" time="0.321" /><testcase classname="tests.test_twilio_voice_webhook.TestVoiceWebhook" name="test_voice_webhook_get_also_works" time="0.111" /><testcase classname="tests.test_twilio_voice_webhook.TestTurnWebhook" name="test_turn_interested_returns_contextual_reply_and_gather" time="2.898" /><testcase classname="tests.test_twilio_voice_webhook.TestTurnWebhook" name="test_turn_opt_out_hangs_up" time="2.276" /><testcase classname="tests.test_twilio_voice_webhook.TestAudioEndpoint" name="test_audio_unknown_token_returns_404" time="0.185" /><testcase classname="tests.test_twilio_voice_webhook.TestProviderRoutingGuard" name="test_dial_with_twilio_selected_but_disabled_returns_twilio_400" time="2.340" /></testsuite></testsuites>