<?xml version="1.0" encoding="utf-8"?><testsuites name="pytest tests"><testsuite name="pytest" errors="0" failures="0" skipped="0" tests="53" time="41.765" timestamp="2026-06-21T12:28:16.345011+00:00" hostname="agent-env-9f4d5dd8-7c6b-4e1f-81e8-bd70936a16c0"><testcase classname="backend.tests.test_audit_kb" name="test_diff_detects_changed_fields" time="0.000" /><testcase classname="backend.tests.test_audit_kb" name="test_diff_handles_create_and_delete" time="0.000" /><testcase classname="backend.tests.test_audit_kb" name="test_mask_redacts_secrets" time="0.000" /><testcase classname="backend.tests.test_audit_kb" name="test_guardrails_block_profanity" time="0.000" /><testcase classname="backend.tests.test_audit_kb" name="test_guardrails_allow_clean_text" time="0.000" /><testcase classname="backend.tests.test_coldwave_api.TestAuth" name="test_root_ok" time="0.148" /><testcase classname="backend.tests.test_coldwave_api.TestAuth" name="test_login_success" time="0.316" /><testcase classname="backend.tests.test_coldwave_api.TestAuth" name="test_login_invalid" time="0.367" /><testcase classname="backend.tests.test_coldwave_api.TestAuth" name="test_me_bearer" time="0.391" /><testcase classname="backend.tests.test_coldwave_api.TestAuth" name="test_me_cookie" time="0.444" /><testcase classname="backend.tests.test_coldwave_api.TestDashboard" name="test_stats" time="0.046" /><testcase classname="backend.tests.test_coldwave_api.TestContacts" name="test_list_seeded" time="0.044" /><testcase classname="backend.tests.test_coldwave_api.TestContacts" name="test_create_get_update_delete" time="0.228" /><testcase classname="backend.tests.test_coldwave_api.TestScriptsCampaigns" name="test_list_scripts" time="0.042" /><testcase classname="backend.tests.test_coldwave_api.TestScriptsCampaigns" name="test_list_campaigns" time="0.042" /><testcase classname="backend.tests.test_coldwave_api.TestScriptsCampaigns" name="test_generate_script_ai" time="26.375" /><testcase classname="backend.tests.test_coldwave_api.TestScriptsCampaigns" name="test_create_campaign" time="0.136" /><testcase classname="backend.tests.test_coldwave_api.TestVoices" name="test_list_voices" time="0.044" /><testcase classname="backend.tests.test_coldwave_api.TestVoices" name="test_voice_preview" time="0.045" /><testcase classname="backend.tests.test_coldwave_api.TestTestCalls" name="test_full_flow" time="3.306" /><testcase classname="backend.tests.test_coldwave_api.TestCompliance" name="test_overview" time="0.047" /><testcase classname="backend.tests.test_coldwave_api.TestCompliance" name="test_dnc_add_check_remove" time="0.222" /><testcase classname="backend.tests.test_coldwave_api.TestCompliance" name="test_gdpr_erasure" time="0.137" /><testcase classname="backend.tests.test_coldwave_api.TestSettings" name="test_get_org" time="0.047" /><testcase classname="backend.tests.test_coldwave_api.TestSettings" name="test_get_integrations" time="0.043" /><testcase classname="backend.tests.test_coldwave_api.TestSettings" name="test_update_integrations" time="0.125" /><testcase classname="backend.tests.test_coldwave_api.TestSettings" name="test_list_users" time="0.045" /><testcase classname="backend.tests.test_coldwave_api.TestSettings" name="test_invite_and_delete_user" time="0.315" /><testcase classname="backend.tests.test_iteration2_api" name="test_health_endpoint" time="0.128" /><testcase classname="backend.tests.test_iteration2_api" name="test_whatsapp_webhook_verification" time="0.142" /><testcase classname="backend.tests.test_iteration2_api" name="test_whatsapp_webhook_bad_token" time="0.101" /><testcase classname="backend.tests.test_iteration2_api" name="test_whatsapp_send_mock_delivered" time="1.625" /><testcase classname="backend.tests.test_iteration2_api" name="test_whatsapp_send_blocked_by_dnc" time="0.092" /><testcase classname="backend.tests.test_iteration2_api" name="test_whatsapp_dead_letters_endpoint" time="0.045" /><testcase classname="backend.tests.test_iteration2_api" name="test_elevenlabs_validate_valid_key" time="0.455" /><testcase classname="backend.tests.test_iteration2_api" name="test_elevenlabs_validate_invalid_key" time="0.081" /><testcase classname="backend.tests.test_iteration2_api" name="test_elevenlabs_enable_and_test_call" time="1.277" /><testcase classname="backend.tests.test_iteration2_api" name="test_audit_entries_on_contact_create" time="0.642" /><testcase classname="backend.tests.test_iteration2_api" name="test_kb_create_and_opening_mode" time="2.347" /><testcase classname="backend.tests.test_llm_config" name="test_uses_custom_key_when_present" time="0.000" /><testcase classname="backend.tests.test_llm_config" name="test_falls_back_to_emergent_without_custom_key" time="0.000" /><testcase classname="backend.tests.test_llm_config" name="test_invalid_model_falls_back_to_default" time="0.000" /><testcase classname="backend.tests.test_llm_config" name="test_model_lists_present_for_all_providers" time="0.000" /><testcase classname="backend.tests.test_messaging" name="test_mask_phone_redacts_pii" time="0.000" /><testcase classname="backend.tests.test_messaging" name="test_mock_provider_returns_message_id" time="0.001" /><testcase classname="backend.tests.test_messaging" name="test_get_provider_falls_back_to_mock_without_creds" time="0.000" /><testcase classname="backend.tests.test_messaging" name="test_get_provider_uses_cloud_when_configured" time="0.000" /><testcase classname="backend.tests.test_tts_selection" name="test_select_elevenlabs_when_key_and_enabled" time="0.000" /><testcase classname="backend.tests.test_tts_selection" name="test_select_browser_when_key_present_but_disabled" time="0.000" /><testcase classname="backend.tests.test_tts_selection" name="test_select_browser_when_no_key" time="0.000" /><testcase classname="backend.tests.test_tts_selection" name="test_generate_tts_uses_elevenlabs_when_configured" time="0.000" /><testcase classname="backend.tests.test_tts_selection" name="test_generate_tts_no_silent_fallback_on_error" time="0.000" /><testcase classname="backend.tests.test_tts_selection" name="test_generate_tts_browser_when_disabled" time="0.001" /></testsuite></testsuites>