<?xml version="1.0" encoding="utf-8"?><testsuites name="pytest tests"><testsuite name="pytest" errors="0" failures="0" skipped="0" tests="38" time="34.820" timestamp="2026-06-21T09:04:55.726678+00:00" hostname="agent-env-9f4d5dd8-7c6b-4e1f-81e8-bd70936a16c0"><testcase classname="backend.tests.test_audit_kb" name="test_diff_detects_changed_fields" time="0.000" /><testcase classname="backend.tests.test_audit_kb" name="test_diff_handles_create_and_delete" time="0.000" /><testcase classname="backend.tests.test_audit_kb" name="test_mask_redacts_secrets" time="0.000" /><testcase classname="backend.tests.test_audit_kb" name="test_guardrails_block_profanity" time="0.000" /><testcase classname="backend.tests.test_audit_kb" name="test_guardrails_allow_clean_text" time="0.000" /><testcase classname="backend.tests.test_coldwave_api.TestAuth" name="test_root_ok" time="0.109" /><testcase classname="backend.tests.test_coldwave_api.TestAuth" name="test_login_success" time="0.315" /><testcase classname="backend.tests.test_coldwave_api.TestAuth" name="test_login_invalid" time="0.378" /><testcase classname="backend.tests.test_coldwave_api.TestAuth" name="test_me_bearer" time="0.361" /><testcase classname="backend.tests.test_coldwave_api.TestAuth" name="test_me_cookie" time="0.382" /><testcase classname="backend.tests.test_coldwave_api.TestDashboard" name="test_stats" time="0.043" /><testcase classname="backend.tests.test_coldwave_api.TestContacts" name="test_list_seeded" time="0.041" /><testcase classname="backend.tests.test_coldwave_api.TestContacts" name="test_create_get_update_delete" time="0.249" /><testcase classname="backend.tests.test_coldwave_api.TestScriptsCampaigns" name="test_list_scripts" time="0.042" /><testcase classname="backend.tests.test_coldwave_api.TestScriptsCampaigns" name="test_list_campaigns" time="0.043" /><testcase classname="backend.tests.test_coldwave_api.TestScriptsCampaigns" name="test_generate_script_ai" time="25.163" /><testcase classname="backend.tests.test_coldwave_api.TestScriptsCampaigns" name="test_create_campaign" time="0.188" /><testcase classname="backend.tests.test_coldwave_api.TestVoices" name="test_list_voices" time="0.040" /><testcase classname="backend.tests.test_coldwave_api.TestVoices" name="test_voice_preview" time="0.042" /><testcase classname="backend.tests.test_coldwave_api.TestTestCalls" name="test_full_flow" time="4.433" /><testcase classname="backend.tests.test_coldwave_api.TestCompliance" name="test_overview" time="0.046" /><testcase classname="backend.tests.test_coldwave_api.TestCompliance" name="test_dnc_add_check_remove" time="0.166" /><testcase classname="backend.tests.test_coldwave_api.TestCompliance" name="test_gdpr_erasure" time="0.210" /><testcase classname="backend.tests.test_coldwave_api.TestSettings" name="test_get_org" time="0.042" /><testcase classname="backend.tests.test_coldwave_api.TestSettings" name="test_get_integrations" time="0.082" /><testcase classname="backend.tests.test_coldwave_api.TestSettings" name="test_update_integrations" time="0.082" /><testcase classname="backend.tests.test_coldwave_api.TestSettings" name="test_list_users" time="0.041" /><testcase classname="backend.tests.test_coldwave_api.TestSettings" name="test_invite_and_delete_user" time="0.349" /><testcase classname="backend.tests.test_messaging" name="test_mask_phone_redacts_pii" time="0.000" /><testcase classname="backend.tests.test_messaging" name="test_mock_provider_returns_message_id" time="0.001" /><testcase classname="backend.tests.test_messaging" name="test_get_provider_falls_back_to_mock_without_creds" time="0.000" /><testcase classname="backend.tests.test_messaging" name="test_get_provider_uses_cloud_when_configured" time="0.000" /><testcase classname="backend.tests.test_tts_selection" name="test_select_elevenlabs_when_key_and_enabled" time="0.000" /><testcase classname="backend.tests.test_tts_selection" name="test_select_browser_when_key_present_but_disabled" time="0.000" /><testcase classname="backend.tests.test_tts_selection" name="test_select_browser_when_no_key" time="0.000" /><testcase classname="backend.tests.test_tts_selection" name="test_generate_tts_uses_elevenlabs_when_configured" time="0.000" /><testcase classname="backend.tests.test_tts_selection" name="test_generate_tts_no_silent_fallback_on_error" time="0.000" /><testcase classname="backend.tests.test_tts_selection" name="test_generate_tts_browser_when_disabled" time="0.001" /></testsuite></testsuites>